D:\COCOS2DX\COCOS2D-X\PROJECTS\POPCAT\PROJ.WIN32\DEBUG.WIN32\APPDELEGATE.OBJ
D:\COCOS2DX\COCOS2D-X\PROJECTS\POPCAT\PROJ.WIN32\DEBUG.WIN32\CAT.OBJ
D:\COCOS2DX\COCOS2D-X\PROJECTS\POPCAT\PROJ.WIN32\DEBUG.WIN32\GAMESCENE.OBJ
D:\COCOS2DX\COCOS2D-X\PROJECTS\POPCAT\PROJ.WIN32\DEBUG.WIN32\MENUSCENE.OBJ
D:\COCOS2DX\COCOS2D-X\PROJECTS\POPCAT\PROJ.WIN32\DEBUG.WIN32\VISIBLERECT.OBJ
D:\COCOS2DX\COCOS2D-X\PROJECTS\POPCAT\PROJ.WIN32\DEBUG.WIN32\MAIN.OBJ
D:\COCOS2DX\COCOS2D-X\PROJECTS\POPCAT\PROJ.WIN32\DEBUG.WIN32\VC110.PDB
D:\COCOS2DX\COCOS2D-X\PROJECTS\POPCAT\PROJ.WIN32\DEBUG.WIN32\POPCAT.ILK
D:\COCOS2DX\COCOS2D-X\PROJECTS\POPCAT\PROJ.WIN32\DEBUG.WIN32\POPCAT.EXE
D:\COCOS2DX\COCOS2D-X\PROJECTS\POPCAT\PROJ.WIN32\DEBUG.WIN32\POPCAT.PDB
D:\cocos2dx\cocos2d-x\projects\popCat\proj.win32\Debug.win32\AppDelegate.obj
D:\cocos2dx\cocos2d-x\projects\popCat\proj.win32\Debug.win32\Cat.obj
D:\cocos2dx\cocos2d-x\projects\popCat\proj.win32\Debug.win32\GameScene.obj
D:\cocos2dx\cocos2d-x\projects\popCat\proj.win32\Debug.win32\main.obj
D:\cocos2dx\cocos2d-x\projects\popCat\proj.win32\Debug.win32\MenuScene.obj
D:\cocos2dx\cocos2d-x\projects\popCat\proj.win32\Debug.win32\VisibleRect.obj
D:\cocos2dx\cocos2d-x\projects\popCat\proj.win32\Debug.win32\popCat.ilk
D:\cocos2dx\cocos2d-x\projects\popCat\proj.win32\Debug.win32\cl.command.1.tlog
D:\cocos2dx\cocos2d-x\projects\popCat\proj.win32\Debug.win32\CL.read.1.tlog
D:\cocos2dx\cocos2d-x\projects\popCat\proj.win32\Debug.win32\CL.write.1.tlog
D:\cocos2dx\cocos2d-x\projects\popCat\proj.win32\Debug.win32\link-cvtres.read.1.tlog
D:\cocos2dx\cocos2d-x\projects\popCat\proj.win32\Debug.win32\link-cvtres.write.1.tlog
D:\cocos2dx\cocos2d-x\projects\popCat\proj.win32\Debug.win32\link-rc.read.1.tlog
D:\cocos2dx\cocos2d-x\projects\popCat\proj.win32\Debug.win32\link-rc.write.1.tlog
D:\cocos2dx\cocos2d-x\projects\popCat\proj.win32\Debug.win32\link.10132-cvtres.read.1.tlog
D:\cocos2dx\cocos2d-x\projects\popCat\proj.win32\Debug.win32\link.10132-cvtres.write.1.tlog
D:\cocos2dx\cocos2d-x\projects\popCat\proj.win32\Debug.win32\link.10132-rc.read.1.tlog
D:\cocos2dx\cocos2d-x\projects\popCat\proj.win32\Debug.win32\link.10132-rc.write.1.tlog
D:\cocos2dx\cocos2d-x\projects\popCat\proj.win32\Debug.win32\link.10132.read.1.tlog
D:\cocos2dx\cocos2d-x\projects\popCat\proj.win32\Debug.win32\link.10132.write.1.tlog
D:\cocos2dx\cocos2d-x\projects\popCat\proj.win32\Debug.win32\link.10264-cvtres.read.1.tlog
D:\cocos2dx\cocos2d-x\projects\popCat\proj.win32\Debug.win32\link.10264-cvtres.write.1.tlog
D:\cocos2dx\cocos2d-x\projects\popCat\proj.win32\Debug.win32\link.10264-rc.read.1.tlog
D:\cocos2dx\cocos2d-x\projects\popCat\proj.win32\Debug.win32\link.10264-rc.write.1.tlog
D:\cocos2dx\cocos2d-x\projects\popCat\proj.win32\Debug.win32\link.10264.read.1.tlog
D:\cocos2dx\cocos2d-x\projects\popCat\proj.win32\Debug.win32\link.10264.write.1.tlog
D:\cocos2dx\cocos2d-x\projects\popCat\proj.win32\Debug.win32\link.10652-cvtres.read.1.tlog
D:\cocos2dx\cocos2d-x\projects\popCat\proj.win32\Debug.win32\link.10652-cvtres.write.1.tlog
D:\cocos2dx\cocos2d-x\projects\popCat\proj.win32\Debug.win32\link.10652-rc.read.1.tlog
D:\cocos2dx\cocos2d-x\projects\popCat\proj.win32\Debug.win32\link.10652-rc.write.1.tlog
D:\cocos2dx\cocos2d-x\projects\popCat\proj.win32\Debug.win32\link.10652.read.1.tlog
D:\cocos2dx\cocos2d-x\projects\popCat\proj.win32\Debug.win32\link.10652.write.1.tlog
D:\cocos2dx\cocos2d-x\projects\popCat\proj.win32\Debug.win32\link.1096-cvtres.read.1.tlog
D:\cocos2dx\cocos2d-x\projects\popCat\proj.win32\Debug.win32\link.1096-cvtres.write.1.tlog
D:\cocos2dx\cocos2d-x\projects\popCat\proj.win32\Debug.win32\link.1096-rc.read.1.tlog
D:\cocos2dx\cocos2d-x\projects\popCat\proj.win32\Debug.win32\link.1096-rc.write.1.tlog
D:\cocos2dx\cocos2d-x\projects\popCat\proj.win32\Debug.win32\link.1096.read.1.tlog
D:\cocos2dx\cocos2d-x\projects\popCat\proj.win32\Debug.win32\link.1096.write.1.tlog
D:\cocos2dx\cocos2d-x\projects\popCat\proj.win32\Debug.win32\link.11476-cvtres.read.1.tlog
D:\cocos2dx\cocos2d-x\projects\popCat\proj.win32\Debug.win32\link.11476-cvtres.write.1.tlog
D:\cocos2dx\cocos2d-x\projects\popCat\proj.win32\Debug.win32\link.11476-rc.read.1.tlog
D:\cocos2dx\cocos2d-x\projects\popCat\proj.win32\Debug.win32\link.11476-rc.write.1.tlog
D:\cocos2dx\cocos2d-x\projects\popCat\proj.win32\Debug.win32\link.11476.read.1.tlog
D:\cocos2dx\cocos2d-x\projects\popCat\proj.win32\Debug.win32\link.11476.write.1.tlog
D:\cocos2dx\cocos2d-x\projects\popCat\proj.win32\Debug.win32\link.12532-cvtres.read.1.tlog
D:\cocos2dx\cocos2d-x\projects\popCat\proj.win32\Debug.win32\link.12532-cvtres.write.1.tlog
D:\cocos2dx\cocos2d-x\projects\popCat\proj.win32\Debug.win32\link.12532-rc.read.1.tlog
D:\cocos2dx\cocos2d-x\projects\popCat\proj.win32\Debug.win32\link.12532-rc.write.1.tlog
D:\cocos2dx\cocos2d-x\projects\popCat\proj.win32\Debug.win32\link.12532.read.1.tlog
D:\cocos2dx\cocos2d-x\projects\popCat\proj.win32\Debug.win32\link.12532.write.1.tlog
D:\cocos2dx\cocos2d-x\projects\popCat\proj.win32\Debug.win32\link.13840-cvtres.read.1.tlog
D:\cocos2dx\cocos2d-x\projects\popCat\proj.win32\Debug.win32\link.13840-cvtres.write.1.tlog
D:\cocos2dx\cocos2d-x\projects\popCat\proj.win32\Debug.win32\link.13840-rc.read.1.tlog
D:\cocos2dx\cocos2d-x\projects\popCat\proj.win32\Debug.win32\link.13840-rc.write.1.tlog
D:\cocos2dx\cocos2d-x\projects\popCat\proj.win32\Debug.win32\link.13840.read.1.tlog
D:\cocos2dx\cocos2d-x\projects\popCat\proj.win32\Debug.win32\link.13840.write.1.tlog
D:\cocos2dx\cocos2d-x\projects\popCat\proj.win32\Debug.win32\link.3004-cvtres.read.1.tlog
D:\cocos2dx\cocos2d-x\projects\popCat\proj.win32\Debug.win32\link.3004-cvtres.write.1.tlog
D:\cocos2dx\cocos2d-x\projects\popCat\proj.win32\Debug.win32\link.3004-rc.read.1.tlog
D:\cocos2dx\cocos2d-x\projects\popCat\proj.win32\Debug.win32\link.3004-rc.write.1.tlog
D:\cocos2dx\cocos2d-x\projects\popCat\proj.win32\Debug.win32\link.3004.read.1.tlog
D:\cocos2dx\cocos2d-x\projects\popCat\proj.win32\Debug.win32\link.3004.write.1.tlog
D:\cocos2dx\cocos2d-x\projects\popCat\proj.win32\Debug.win32\link.3548-cvtres.read.1.tlog
D:\cocos2dx\cocos2d-x\projects\popCat\proj.win32\Debug.win32\link.3548-cvtres.write.1.tlog
D:\cocos2dx\cocos2d-x\projects\popCat\proj.win32\Debug.win32\link.3548-rc.read.1.tlog
D:\cocos2dx\cocos2d-x\projects\popCat\proj.win32\Debug.win32\link.3548-rc.write.1.tlog
D:\cocos2dx\cocos2d-x\projects\popCat\proj.win32\Debug.win32\link.3548.read.1.tlog
D:\cocos2dx\cocos2d-x\projects\popCat\proj.win32\Debug.win32\link.3548.write.1.tlog
D:\cocos2dx\cocos2d-x\projects\popCat\proj.win32\Debug.win32\link.4028-cvtres.read.1.tlog
D:\cocos2dx\cocos2d-x\projects\popCat\proj.win32\Debug.win32\link.4028-cvtres.write.1.tlog
D:\cocos2dx\cocos2d-x\projects\popCat\proj.win32\Debug.win32\link.4028-rc.read.1.tlog
D:\cocos2dx\cocos2d-x\projects\popCat\proj.win32\Debug.win32\link.4028-rc.write.1.tlog
D:\cocos2dx\cocos2d-x\projects\popCat\proj.win32\Debug.win32\link.4028.read.1.tlog
D:\cocos2dx\cocos2d-x\projects\popCat\proj.win32\Debug.win32\link.4028.write.1.tlog
D:\cocos2dx\cocos2d-x\projects\popCat\proj.win32\Debug.win32\link.4040-cvtres.read.1.tlog
D:\cocos2dx\cocos2d-x\projects\popCat\proj.win32\Debug.win32\link.4040-cvtres.write.1.tlog
D:\cocos2dx\cocos2d-x\projects\popCat\proj.win32\Debug.win32\link.4040-rc.read.1.tlog
D:\cocos2dx\cocos2d-x\projects\popCat\proj.win32\Debug.win32\link.4040-rc.write.1.tlog
D:\cocos2dx\cocos2d-x\projects\popCat\proj.win32\Debug.win32\link.4040.read.1.tlog
D:\cocos2dx\cocos2d-x\projects\popCat\proj.win32\Debug.win32\link.4040.write.1.tlog
D:\cocos2dx\cocos2d-x\projects\popCat\proj.win32\Debug.win32\link.4188-cvtres.read.1.tlog
D:\cocos2dx\cocos2d-x\projects\popCat\proj.win32\Debug.win32\link.4188-cvtres.write.1.tlog
D:\cocos2dx\cocos2d-x\projects\popCat\proj.win32\Debug.win32\link.4188-rc.read.1.tlog
D:\cocos2dx\cocos2d-x\projects\popCat\proj.win32\Debug.win32\link.4188-rc.write.1.tlog
D:\cocos2dx\cocos2d-x\projects\popCat\proj.win32\Debug.win32\link.4188.read.1.tlog
D:\cocos2dx\cocos2d-x\projects\popCat\proj.win32\Debug.win32\link.4188.write.1.tlog
D:\cocos2dx\cocos2d-x\projects\popCat\proj.win32\Debug.win32\link.4348-cvtres.read.1.tlog
D:\cocos2dx\cocos2d-x\projects\popCat\proj.win32\Debug.win32\link.4348-cvtres.write.1.tlog
D:\cocos2dx\cocos2d-x\projects\popCat\proj.win32\Debug.win32\link.4348-rc.read.1.tlog
D:\cocos2dx\cocos2d-x\projects\popCat\proj.win32\Debug.win32\link.4348-rc.write.1.tlog
D:\cocos2dx\cocos2d-x\projects\popCat\proj.win32\Debug.win32\link.4348.read.1.tlog
D:\cocos2dx\cocos2d-x\projects\popCat\proj.win32\Debug.win32\link.4348.write.1.tlog
D:\cocos2dx\cocos2d-x\projects\popCat\proj.win32\Debug.win32\link.4616-cvtres.read.1.tlog
D:\cocos2dx\cocos2d-x\projects\popCat\proj.win32\Debug.win32\link.4616-cvtres.write.1.tlog
D:\cocos2dx\cocos2d-x\projects\popCat\proj.win32\Debug.win32\link.4616-rc.read.1.tlog
D:\cocos2dx\cocos2d-x\projects\popCat\proj.win32\Debug.win32\link.4616-rc.write.1.tlog
D:\cocos2dx\cocos2d-x\projects\popCat\proj.win32\Debug.win32\link.4616.read.1.tlog
D:\cocos2dx\cocos2d-x\projects\popCat\proj.win32\Debug.win32\link.4616.write.1.tlog
D:\cocos2dx\cocos2d-x\projects\popCat\proj.win32\Debug.win32\link.4640-cvtres.read.1.tlog
D:\cocos2dx\cocos2d-x\projects\popCat\proj.win32\Debug.win32\link.4640-cvtres.write.1.tlog
D:\cocos2dx\cocos2d-x\projects\popCat\proj.win32\Debug.win32\link.4640-rc.read.1.tlog
D:\cocos2dx\cocos2d-x\projects\popCat\proj.win32\Debug.win32\link.4640-rc.write.1.tlog
D:\cocos2dx\cocos2d-x\projects\popCat\proj.win32\Debug.win32\link.4640.read.1.tlog
D:\cocos2dx\cocos2d-x\projects\popCat\proj.win32\Debug.win32\link.4640.write.1.tlog
D:\cocos2dx\cocos2d-x\projects\popCat\proj.win32\Debug.win32\link.4772-cvtres.read.1.tlog
D:\cocos2dx\cocos2d-x\projects\popCat\proj.win32\Debug.win32\link.4772-cvtres.write.1.tlog
D:\cocos2dx\cocos2d-x\projects\popCat\proj.win32\Debug.win32\link.4772-rc.read.1.tlog
D:\cocos2dx\cocos2d-x\projects\popCat\proj.win32\Debug.win32\link.4772-rc.write.1.tlog
D:\cocos2dx\cocos2d-x\projects\popCat\proj.win32\Debug.win32\link.4772.read.1.tlog
D:\cocos2dx\cocos2d-x\projects\popCat\proj.win32\Debug.win32\link.4772.write.1.tlog
D:\cocos2dx\cocos2d-x\projects\popCat\proj.win32\Debug.win32\link.4788-cvtres.read.1.tlog
D:\cocos2dx\cocos2d-x\projects\popCat\proj.win32\Debug.win32\link.4788-cvtres.write.1.tlog
D:\cocos2dx\cocos2d-x\projects\popCat\proj.win32\Debug.win32\link.4788-rc.read.1.tlog
D:\cocos2dx\cocos2d-x\projects\popCat\proj.win32\Debug.win32\link.4788-rc.write.1.tlog
D:\cocos2dx\cocos2d-x\projects\popCat\proj.win32\Debug.win32\link.4788.read.1.tlog
D:\cocos2dx\cocos2d-x\projects\popCat\proj.win32\Debug.win32\link.4788.write.1.tlog
D:\cocos2dx\cocos2d-x\projects\popCat\proj.win32\Debug.win32\link.4996-cvtres.read.1.tlog
D:\cocos2dx\cocos2d-x\projects\popCat\proj.win32\Debug.win32\link.4996-cvtres.write.1.tlog
D:\cocos2dx\cocos2d-x\projects\popCat\proj.win32\Debug.win32\link.4996-rc.read.1.tlog
D:\cocos2dx\cocos2d-x\projects\popCat\proj.win32\Debug.win32\link.4996-rc.write.1.tlog
D:\cocos2dx\cocos2d-x\projects\popCat\proj.win32\Debug.win32\link.4996.read.1.tlog
D:\cocos2dx\cocos2d-x\projects\popCat\proj.win32\Debug.win32\link.4996.write.1.tlog
D:\cocos2dx\cocos2d-x\projects\popCat\proj.win32\Debug.win32\link.5024-cvtres.read.1.tlog
D:\cocos2dx\cocos2d-x\projects\popCat\proj.win32\Debug.win32\link.5024-cvtres.write.1.tlog
D:\cocos2dx\cocos2d-x\projects\popCat\proj.win32\Debug.win32\link.5024-rc.read.1.tlog
D:\cocos2dx\cocos2d-x\projects\popCat\proj.win32\Debug.win32\link.5024-rc.write.1.tlog
D:\cocos2dx\cocos2d-x\projects\popCat\proj.win32\Debug.win32\link.5024.read.1.tlog
D:\cocos2dx\cocos2d-x\projects\popCat\proj.win32\Debug.win32\link.5024.write.1.tlog
D:\cocos2dx\cocos2d-x\projects\popCat\proj.win32\Debug.win32\link.5492-cvtres.read.1.tlog
D:\cocos2dx\cocos2d-x\projects\popCat\proj.win32\Debug.win32\link.5492-cvtres.write.1.tlog
D:\cocos2dx\cocos2d-x\projects\popCat\proj.win32\Debug.win32\link.5492-rc.read.1.tlog
D:\cocos2dx\cocos2d-x\projects\popCat\proj.win32\Debug.win32\link.5492-rc.write.1.tlog
D:\cocos2dx\cocos2d-x\projects\popCat\proj.win32\Debug.win32\link.5492.read.1.tlog
D:\cocos2dx\cocos2d-x\projects\popCat\proj.win32\Debug.win32\link.5492.write.1.tlog
D:\cocos2dx\cocos2d-x\projects\popCat\proj.win32\Debug.win32\link.588-cvtres.read.1.tlog
D:\cocos2dx\cocos2d-x\projects\popCat\proj.win32\Debug.win32\link.588-cvtres.write.1.tlog
D:\cocos2dx\cocos2d-x\projects\popCat\proj.win32\Debug.win32\link.588-rc.read.1.tlog
D:\cocos2dx\cocos2d-x\projects\popCat\proj.win32\Debug.win32\link.588-rc.write.1.tlog
D:\cocos2dx\cocos2d-x\projects\popCat\proj.win32\Debug.win32\link.588.read.1.tlog
D:\cocos2dx\cocos2d-x\projects\popCat\proj.win32\Debug.win32\link.588.write.1.tlog
D:\cocos2dx\cocos2d-x\projects\popCat\proj.win32\Debug.win32\link.5932-cvtres.read.1.tlog
D:\cocos2dx\cocos2d-x\projects\popCat\proj.win32\Debug.win32\link.5932-cvtres.write.1.tlog
D:\cocos2dx\cocos2d-x\projects\popCat\proj.win32\Debug.win32\link.5932-rc.read.1.tlog
D:\cocos2dx\cocos2d-x\projects\popCat\proj.win32\Debug.win32\link.5932-rc.write.1.tlog
D:\cocos2dx\cocos2d-x\projects\popCat\proj.win32\Debug.win32\link.5932.read.1.tlog
D:\cocos2dx\cocos2d-x\projects\popCat\proj.win32\Debug.win32\link.5932.write.1.tlog
D:\cocos2dx\cocos2d-x\projects\popCat\proj.win32\Debug.win32\link.6244-cvtres.read.1.tlog
D:\cocos2dx\cocos2d-x\projects\popCat\proj.win32\Debug.win32\link.6244-cvtres.write.1.tlog
D:\cocos2dx\cocos2d-x\projects\popCat\proj.win32\Debug.win32\link.6244-rc.read.1.tlog
D:\cocos2dx\cocos2d-x\projects\popCat\proj.win32\Debug.win32\link.6244-rc.write.1.tlog
D:\cocos2dx\cocos2d-x\projects\popCat\proj.win32\Debug.win32\link.6244.read.1.tlog
D:\cocos2dx\cocos2d-x\projects\popCat\proj.win32\Debug.win32\link.6244.write.1.tlog
D:\cocos2dx\cocos2d-x\projects\popCat\proj.win32\Debug.win32\link.6428-cvtres.read.1.tlog
D:\cocos2dx\cocos2d-x\projects\popCat\proj.win32\Debug.win32\link.6428-cvtres.write.1.tlog
D:\cocos2dx\cocos2d-x\projects\popCat\proj.win32\Debug.win32\link.6428-rc.read.1.tlog
D:\cocos2dx\cocos2d-x\projects\popCat\proj.win32\Debug.win32\link.6428-rc.write.1.tlog
D:\cocos2dx\cocos2d-x\projects\popCat\proj.win32\Debug.win32\link.6428.read.1.tlog
D:\cocos2dx\cocos2d-x\projects\popCat\proj.win32\Debug.win32\link.6428.write.1.tlog
D:\cocos2dx\cocos2d-x\projects\popCat\proj.win32\Debug.win32\link.6440-cvtres.read.1.tlog
D:\cocos2dx\cocos2d-x\projects\popCat\proj.win32\Debug.win32\link.6440-cvtres.write.1.tlog
D:\cocos2dx\cocos2d-x\projects\popCat\proj.win32\Debug.win32\link.6440-rc.read.1.tlog
D:\cocos2dx\cocos2d-x\projects\popCat\proj.win32\Debug.win32\link.6440-rc.write.1.tlog
D:\cocos2dx\cocos2d-x\projects\popCat\proj.win32\Debug.win32\link.6440.read.1.tlog
D:\cocos2dx\cocos2d-x\projects\popCat\proj.win32\Debug.win32\link.6440.write.1.tlog
D:\cocos2dx\cocos2d-x\projects\popCat\proj.win32\Debug.win32\link.6496-cvtres.read.1.tlog
D:\cocos2dx\cocos2d-x\projects\popCat\proj.win32\Debug.win32\link.6496-cvtres.write.1.tlog
D:\cocos2dx\cocos2d-x\projects\popCat\proj.win32\Debug.win32\link.6496-rc.read.1.tlog
D:\cocos2dx\cocos2d-x\projects\popCat\proj.win32\Debug.win32\link.6496-rc.write.1.tlog
D:\cocos2dx\cocos2d-x\projects\popCat\proj.win32\Debug.win32\link.6496.read.1.tlog
D:\cocos2dx\cocos2d-x\projects\popCat\proj.win32\Debug.win32\link.6496.write.1.tlog
D:\cocos2dx\cocos2d-x\projects\popCat\proj.win32\Debug.win32\link.6552-cvtres.read.1.tlog
D:\cocos2dx\cocos2d-x\projects\popCat\proj.win32\Debug.win32\link.6552-cvtres.write.1.tlog
D:\cocos2dx\cocos2d-x\projects\popCat\proj.win32\Debug.win32\link.6552-rc.read.1.tlog
D:\cocos2dx\cocos2d-x\projects\popCat\proj.win32\Debug.win32\link.6552-rc.write.1.tlog
D:\cocos2dx\cocos2d-x\projects\popCat\proj.win32\Debug.win32\link.6552.read.1.tlog
D:\cocos2dx\cocos2d-x\projects\popCat\proj.win32\Debug.win32\link.6552.write.1.tlog
D:\cocos2dx\cocos2d-x\projects\popCat\proj.win32\Debug.win32\link.6920-cvtres.read.1.tlog
D:\cocos2dx\cocos2d-x\projects\popCat\proj.win32\Debug.win32\link.6920-cvtres.write.1.tlog
D:\cocos2dx\cocos2d-x\projects\popCat\proj.win32\Debug.win32\link.6920-rc.read.1.tlog
D:\cocos2dx\cocos2d-x\projects\popCat\proj.win32\Debug.win32\link.6920-rc.write.1.tlog
D:\cocos2dx\cocos2d-x\projects\popCat\proj.win32\Debug.win32\link.6920.read.1.tlog
D:\cocos2dx\cocos2d-x\projects\popCat\proj.win32\Debug.win32\link.6920.write.1.tlog
D:\cocos2dx\cocos2d-x\projects\popCat\proj.win32\Debug.win32\link.7236-cvtres.read.1.tlog
D:\cocos2dx\cocos2d-x\projects\popCat\proj.win32\Debug.win32\link.7236-cvtres.write.1.tlog
D:\cocos2dx\cocos2d-x\projects\popCat\proj.win32\Debug.win32\link.7236-rc.read.1.tlog
D:\cocos2dx\cocos2d-x\projects\popCat\proj.win32\Debug.win32\link.7236-rc.write.1.tlog
D:\cocos2dx\cocos2d-x\projects\popCat\proj.win32\Debug.win32\link.7236.read.1.tlog
D:\cocos2dx\cocos2d-x\projects\popCat\proj.win32\Debug.win32\link.7236.write.1.tlog
D:\cocos2dx\cocos2d-x\projects\popCat\proj.win32\Debug.win32\link.7320-cvtres.read.1.tlog
D:\cocos2dx\cocos2d-x\projects\popCat\proj.win32\Debug.win32\link.7320-cvtres.write.1.tlog
D:\cocos2dx\cocos2d-x\projects\popCat\proj.win32\Debug.win32\link.7320-rc.read.1.tlog
D:\cocos2dx\cocos2d-x\projects\popCat\proj.win32\Debug.win32\link.7320-rc.write.1.tlog
D:\cocos2dx\cocos2d-x\projects\popCat\proj.win32\Debug.win32\link.7320.read.1.tlog
D:\cocos2dx\cocos2d-x\projects\popCat\proj.win32\Debug.win32\link.7320.write.1.tlog
D:\cocos2dx\cocos2d-x\projects\popCat\proj.win32\Debug.win32\link.7368-cvtres.read.1.tlog
D:\cocos2dx\cocos2d-x\projects\popCat\proj.win32\Debug.win32\link.7368-cvtres.write.1.tlog
D:\cocos2dx\cocos2d-x\projects\popCat\proj.win32\Debug.win32\link.7368-rc.read.1.tlog
D:\cocos2dx\cocos2d-x\projects\popCat\proj.win32\Debug.win32\link.7368-rc.write.1.tlog
D:\cocos2dx\cocos2d-x\projects\popCat\proj.win32\Debug.win32\link.7368.read.1.tlog
D:\cocos2dx\cocos2d-x\projects\popCat\proj.win32\Debug.win32\link.7368.write.1.tlog
D:\cocos2dx\cocos2d-x\projects\popCat\proj.win32\Debug.win32\link.7832-cvtres.read.1.tlog
D:\cocos2dx\cocos2d-x\projects\popCat\proj.win32\Debug.win32\link.7832-cvtres.write.1.tlog
D:\cocos2dx\cocos2d-x\projects\popCat\proj.win32\Debug.win32\link.7832-rc.read.1.tlog
D:\cocos2dx\cocos2d-x\projects\popCat\proj.win32\Debug.win32\link.7832-rc.write.1.tlog
D:\cocos2dx\cocos2d-x\projects\popCat\proj.win32\Debug.win32\link.7832.read.1.tlog
D:\cocos2dx\cocos2d-x\projects\popCat\proj.win32\Debug.win32\link.7832.write.1.tlog
D:\cocos2dx\cocos2d-x\projects\popCat\proj.win32\Debug.win32\link.7996.read.1.tlog
D:\cocos2dx\cocos2d-x\projects\popCat\proj.win32\Debug.win32\link.7996.write.1.tlog
D:\cocos2dx\cocos2d-x\projects\popCat\proj.win32\Debug.win32\link.8140-cvtres.read.1.tlog
D:\cocos2dx\cocos2d-x\projects\popCat\proj.win32\Debug.win32\link.8140-cvtres.write.1.tlog
D:\cocos2dx\cocos2d-x\projects\popCat\proj.win32\Debug.win32\link.8140-rc.read.1.tlog
D:\cocos2dx\cocos2d-x\projects\popCat\proj.win32\Debug.win32\link.8140-rc.write.1.tlog
D:\cocos2dx\cocos2d-x\projects\popCat\proj.win32\Debug.win32\link.8140.read.1.tlog
D:\cocos2dx\cocos2d-x\projects\popCat\proj.win32\Debug.win32\link.8140.write.1.tlog
D:\cocos2dx\cocos2d-x\projects\popCat\proj.win32\Debug.win32\link.8152-cvtres.read.1.tlog
D:\cocos2dx\cocos2d-x\projects\popCat\proj.win32\Debug.win32\link.8152-cvtres.write.1.tlog
D:\cocos2dx\cocos2d-x\projects\popCat\proj.win32\Debug.win32\link.8152-rc.read.1.tlog
D:\cocos2dx\cocos2d-x\projects\popCat\proj.win32\Debug.win32\link.8152-rc.write.1.tlog
D:\cocos2dx\cocos2d-x\projects\popCat\proj.win32\Debug.win32\link.8152.read.1.tlog
D:\cocos2dx\cocos2d-x\projects\popCat\proj.win32\Debug.win32\link.8152.write.1.tlog
D:\cocos2dx\cocos2d-x\projects\popCat\proj.win32\Debug.win32\link.8404-cvtres.read.1.tlog
D:\cocos2dx\cocos2d-x\projects\popCat\proj.win32\Debug.win32\link.8404-cvtres.write.1.tlog
D:\cocos2dx\cocos2d-x\projects\popCat\proj.win32\Debug.win32\link.8404-rc.read.1.tlog
D:\cocos2dx\cocos2d-x\projects\popCat\proj.win32\Debug.win32\link.8404-rc.write.1.tlog
D:\cocos2dx\cocos2d-x\projects\popCat\proj.win32\Debug.win32\link.8404.read.1.tlog
D:\cocos2dx\cocos2d-x\projects\popCat\proj.win32\Debug.win32\link.8404.write.1.tlog
D:\cocos2dx\cocos2d-x\projects\popCat\proj.win32\Debug.win32\link.8988-cvtres.read.1.tlog
D:\cocos2dx\cocos2d-x\projects\popCat\proj.win32\Debug.win32\link.8988-cvtres.write.1.tlog
D:\cocos2dx\cocos2d-x\projects\popCat\proj.win32\Debug.win32\link.8988-rc.read.1.tlog
D:\cocos2dx\cocos2d-x\projects\popCat\proj.win32\Debug.win32\link.8988-rc.write.1.tlog
D:\cocos2dx\cocos2d-x\projects\popCat\proj.win32\Debug.win32\link.8988.read.1.tlog
D:\cocos2dx\cocos2d-x\projects\popCat\proj.win32\Debug.win32\link.8988.write.1.tlog
D:\cocos2dx\cocos2d-x\projects\popCat\proj.win32\Debug.win32\link.9564-cvtres.read.1.tlog
D:\cocos2dx\cocos2d-x\projects\popCat\proj.win32\Debug.win32\link.9564-cvtres.write.1.tlog
D:\cocos2dx\cocos2d-x\projects\popCat\proj.win32\Debug.win32\link.9564-rc.read.1.tlog
D:\cocos2dx\cocos2d-x\projects\popCat\proj.win32\Debug.win32\link.9564-rc.write.1.tlog
D:\cocos2dx\cocos2d-x\projects\popCat\proj.win32\Debug.win32\link.9564.read.1.tlog
D:\cocos2dx\cocos2d-x\projects\popCat\proj.win32\Debug.win32\link.9564.write.1.tlog
D:\cocos2dx\cocos2d-x\projects\popCat\proj.win32\Debug.win32\link.960-cvtres.read.1.tlog
D:\cocos2dx\cocos2d-x\projects\popCat\proj.win32\Debug.win32\link.960-cvtres.write.1.tlog
D:\cocos2dx\cocos2d-x\projects\popCat\proj.win32\Debug.win32\link.960-rc.read.1.tlog
D:\cocos2dx\cocos2d-x\projects\popCat\proj.win32\Debug.win32\link.960-rc.write.1.tlog
D:\cocos2dx\cocos2d-x\projects\popCat\proj.win32\Debug.win32\link.960.read.1.tlog
D:\cocos2dx\cocos2d-x\projects\popCat\proj.win32\Debug.win32\link.960.write.1.tlog
D:\cocos2dx\cocos2d-x\projects\popCat\proj.win32\Debug.win32\link.command.1.tlog
D:\cocos2dx\cocos2d-x\projects\popCat\proj.win32\Debug.win32\link.read.1.tlog
D:\cocos2dx\cocos2d-x\projects\popCat\proj.win32\Debug.win32\link.write.1.tlog
D:\cocos2dx\cocos2d-x\projects\popCat\proj.win32\Debug.win32\libcocos2d.exp
D:\cocos2dx\cocos2d-x\projects\popCat\proj.win32\Debug.win32\libCocosDenshion.exp
D:\cocos2dx\cocos2d-x\projects\popCat\proj.win32\Debug.win32\vc110.idb
D:\cocos2dx\cocos2d-x\projects\popCat\proj.win32\Debug.win32\libcocos2d.pdb
D:\cocos2dx\cocos2d-x\projects\popCat\proj.win32\Debug.win32\libCocosDenshion.pdb
D:\cocos2dx\cocos2d-x\projects\popCat\proj.win32\Debug.win32\popCat.pdb
D:\cocos2dx\cocos2d-x\projects\popCat\proj.win32\Debug.win32\vc110.pdb
D:\cocos2dx\cocos2d-x\projects\popCat\proj.win32\Debug.win32\UserDefault.xml
D:\cocos2dx\cocos2d-x\projects\popCat\proj.win32\Debug.win32\popCat.exe
